# Logfile created on 2022-08-03 14:31:05 +0000 by logger.rb/v1.4.3
[08/03/22 14:31:05 +0000 1b3eaadd6627 (1)] INFO : No configuration file loaded, and no configuration found in ENV. For assistance configuring Scout, visit https://docs.scoutapm.com/#ruby-configuration-options
[08/03/22 14:31:05 +0000 1b3eaadd6627 (1)] INFO : Scout Agent [5.1.1] Initialized
[08/03/22 14:31:05 +0000 1b3eaadd6627 (1)] INFO : Not Loading Instruments
[08/03/22 14:31:05 +0000 1b3eaadd6627 (1)] INFO : Scout Agent [5.1.1] Installed
[08/03/22 14:31:05 +0000 1b3eaadd6627 (1)] INFO : Monitoring isn't enabled for the [development] environment.
[08/03/22 14:31:05 +0000 1b3eaadd6627 (1)] INFO : Deferring agent start. Standing by for first request
[08/03/22 14:47:37 +0000 ef46b3b81097 (1)] INFO : No configuration file loaded, and no configuration found in ENV. For assistance configuring Scout, visit https://docs.scoutapm.com/#ruby-configuration-options
[08/03/22 14:47:37 +0000 ef46b3b81097 (1)] INFO : Scout Agent [5.1.1] Initialized
[08/03/22 14:47:37 +0000 ef46b3b81097 (1)] INFO : Not Loading Instruments
[08/03/22 14:47:37 +0000 ef46b3b81097 (1)] INFO : Scout Agent [5.1.1] Installed
[08/03/22 14:47:37 +0000 ef46b3b81097 (1)] INFO : Monitoring isn't enabled for the [development] environment.
[08/03/22 14:47:37 +0000 ef46b3b81097 (1)] INFO : Deferring agent start. Standing by for first request
[08/03/22 15:15:12 +0000 225fb70baeaa (1)] INFO : No configuration file loaded, and no configuration found in ENV. For assistance configuring Scout, visit https://docs.scoutapm.com/#ruby-configuration-options
[08/03/22 15:15:12 +0000 225fb70baeaa (1)] INFO : Scout Agent [5.1.1] Initialized
[08/03/22 15:15:12 +0000 225fb70baeaa (1)] INFO : Not Loading Instruments
[08/03/22 15:15:12 +0000 225fb70baeaa (1)] INFO : Scout Agent [5.1.1] Installed
[08/03/22 15:15:12 +0000 225fb70baeaa (1)] INFO : Monitoring isn't enabled for the [development] environment.
[08/03/22 15:15:12 +0000 225fb70baeaa (1)] INFO : Deferring agent start. Standing by for first request
[08/03/22 15:17:38 +0000 225fb70baeaa (114)] INFO : No configuration file loaded, and no configuration found in ENV. For assistance configuring Scout, visit https://docs.scoutapm.com/#ruby-configuration-options
[08/03/22 15:17:38 +0000 225fb70baeaa (114)] INFO : Scout Agent [5.1.1] Initialized
[08/03/22 15:17:38 +0000 225fb70baeaa (114)] INFO : Not Loading Instruments
[08/03/22 15:17:38 +0000 225fb70baeaa (114)] INFO : Scout Agent [5.1.1] Installed
[08/03/22 15:17:38 +0000 225fb70baeaa (114)] INFO : Monitoring isn't enabled for the [development] environment.
[08/03/22 15:19:12 +0000 ec0e820c3852 (1)] INFO : No configuration file loaded, and no configuration found in ENV. For assistance configuring Scout, visit https://docs.scoutapm.com/#ruby-configuration-options
[08/03/22 15:19:12 +0000 ec0e820c3852 (1)] INFO : Scout Agent [5.1.1] Initialized
[08/03/22 15:19:12 +0000 ec0e820c3852 (1)] INFO : Not Loading Instruments
[08/03/22 15:19:12 +0000 ec0e820c3852 (1)] INFO : Scout Agent [5.1.1] Installed
[08/03/22 15:19:12 +0000 ec0e820c3852 (1)] INFO : Monitoring isn't enabled for the [development] environment.
